\BOOKMARK [1][-]{section*.2}{\376\377\000I\000n\000t\000r\000o\000d\000u\000c\000t\000i\000o\000n}{}% 1
\BOOKMARK [2][-]{section*.3}{\376\377\000P\000r\000e\000l\000i\000m\000i\000n\000a\000r\000i\000e\000s}{section*.2}% 2
\BOOKMARK [3][-]{section*.4}{\376\377\000A\000i\000m\000\040\000o\000f\000\040\000t\000h\000e\000\040\000A\000r\000t\000i\000c\000l\000e}{section*.3}% 3
\BOOKMARK [3][-]{section*.5}{\376\377\000I\000m\000p\000o\000r\000t\000a\000n\000c\000e\000\040\000o\000f\000\040\0001\000.\0001\0006\000\040\000i\000n\000\040\000t\000h\000e\000\040\000H\000i\000s\000t\000o\000r\000y\000\040\000o\000f\000\040\000M\000e\000d\000i\000c\000i\000n\000e}{section*.3}% 4
\BOOKMARK [1][-]{section*.6}{\376\377\000T\000h\000e\000\040\000S\000a\000n\000s\000k\000r\000i\000t\000\040\000T\000e\000x\000t}{}% 5
\BOOKMARK [2][-]{section*.7}{\376\377\000T\000h\000e\000\040\000N\000e\000p\000a\000l\000e\000s\000e\000\040\000V\000e\000r\000s\000i\000o\000n}{section*.6}% 6
\BOOKMARK [2][-]{section*.8}{\376\377\000T\000h\000e\000\040\000P\000r\000i\000n\000t\000e\000d\000\040\000E\000d\000i\000t\000i\000o\000n\000s}{section*.6}% 7
\BOOKMARK [3][-]{section*.9}{\376\377\000T\000h\000e\000\040\000V\000u\000l\000g\000a\000t\000e}{section*.8}% 8
\BOOKMARK [3][-]{section*.10}{\376\377\000T\000h\000e\000\040\000s\000o\000u\000r\000c\000e\000s\000\040\000o\000f\000\040\000t\000h\000e\000\040\0001\0009\0001\0005\000\040\000e\000d\000i\000t\000i\000o\000n}{section*.8}% 9
\BOOKMARK [3][-]{section*.11}{\376\377\000T\000h\000e\000\040\000s\000o\000u\000r\000c\000e\000s\000\040\000o\000f\000\040\000t\000h\000e\000\040\0001\0009\0003\0001\000\040\000e\000d\000i\000t\000i\000o\000n}{section*.8}% 10
\BOOKMARK [3][-]{section*.12}{\376\377\000T\000h\000e\000\040\000s\000o\000u\000r\000c\000e\000s\000\040\000o\000f\000\040\000t\000h\000e\000\040\0001\0009\0003\0008\000\040\000e\000d\000i\000t\000i\000o\000n}{section*.8}% 11
\BOOKMARK [3][-]{section*.13}{\376\377\000E\000v\000a\000l\000u\000a\000t\000i\000o\000n}{section*.8}% 12
\BOOKMARK [3][-]{section*.14}{\376\377\000T\000h\000e\000\040\0001\0009\0003\0009\000\040\000e\000d\000i\000t\000i\000o\000n}{section*.8}% 13
\BOOKMARK [3][-]{section*.17}{\376\377\000E\000v\000a\000l\000u\000a\000t\000i\000o\000n}{section*.8}% 14
\BOOKMARK [2][-]{section*.18}{\376\377\000D\000i\000f\000f\000e\000r\000e\000n\000c\000e\000s\000\040\000B\000e\000t\000w\000e\000e\000n\000\040\000t\000h\000e\000\040\000N\000e\000p\000a\000l\000e\000s\000e\000\040\000V\000e\000r\000s\000i\000o\000n\000\040\000a\000n\000d\000\040\000t\000h\000e\000\040\000V\000u\000l\000g\000a\000t\000e}{section*.6}% 15
\BOOKMARK [1][-]{section*.19}{\376\377\000T\000h\000e\000\040\000E\000d\000i\000t\000i\000o\000n}{}% 16
\BOOKMARK [2][-]{section*.20}{\376\377\000M\000a\000n\000u\000s\000c\000r\000i\000p\000t\000s}{section*.19}% 17
\BOOKMARK [3][-]{section*.21}{\376\377\000F\000e\000a\000t\000u\000r\000e\000s\000\040\000o\000f\000\040\000t\000h\000e\000\040\000m\000a\000n\000u\000s\000c\000r\000i\000p\000t\000\040\000t\000r\000a\000n\000s\000m\000i\000s\000s\000i\000o\000n}{section*.20}% 18
\BOOKMARK [3][-]{section*.22}{\376\377\000P\000a\000l\000a\000e\000o\000g\000r\000a\000p\000h\000i\000c\000a\000l\000\040\000f\000e\000a\000t\000u\000r\000e\000s}{section*.20}% 19
\BOOKMARK [3][-]{section*.23}{\376\377\000C\000h\000a\000r\000t\000\040\000o\000f\000\040\000c\000h\000a\000r\000a\000c\000t\000e\000r\000s}{section*.20}% 20
\BOOKMARK [2][-]{section*.24}{\376\377\000E\000d\000i\000t\000o\000r\000i\000a\000l\000\040\000P\000r\000i\000n\000c\000i\000p\000l\000e\000s}{section*.19}% 21
\BOOKMARK [1][-]{section*.25}{\376\377\000T\000h\000e\000\040\000T\000r\000a\000n\000s\000l\000a\000t\000i\000o\000n}{}% 22
\BOOKMARK [2][-]{section*.26}{\376\377\000S\001\153\000t\000r\000a\000s\000t\000h\001\001\000n\000a\000,\000\040\000a\000d\000h\000y\001\001\000y\000a\000\040\0001\0006}{section*.25}% 23
\BOOKMARK [1][-]{section*.29}{\376\377\000A\000b\000b\000r\000e\000v\000i\000a\000t\000i\000o\000n\000s}{}% 24
\BOOKMARK [1][-]{section*.30}{\376\377\000I\000n\000d\000e\000x\000\040\000o\000f\000\040\000M\000a\000n\000u\000s\000c\000r\000i\000p\000t\000s}{}% 25
\BOOKMARK [1][-]{section*.32}{\376\377\000R\000e\000f\000e\000r\000e\000n\000c\000e\000s}{}% 26
\BOOKMARK [1][-]{section*.33}{\376\377\000G\000l\000o\000s\000s\000a\000r\000y}{}% 27
